<?xml version="1.0" encoding="UTF-8"?>
<!-- Generated by org.testng.reporters.JUnitReportReporter -->
<testsuite hostname="DESKTOP-SUTAUMP" name="com.masteringselenium.BasicTestWD" tests="2" failures="0" timestamp="23 Dec 2017 01:49:33 GMT" time="17.216" errors="0">
  <testcase name="googleCheeseExample" time="15.364" classname="com.masteringselenium.BasicTestWD"/>
  <testcase name="googleMilkExample" time="1.852" classname="com.masteringselenium.BasicTestWD"/>
</testsuite> <!-- com.masteringselenium.BasicTestWD -->
