<?xml version="1.0" encoding="UTF-8"?>
<!-- Generated by org.testng.reporters.JUnitReportReporter -->
<testsuite hostname="DESKTOP-SUTAUMP" name="com.masteringselenium.BasicTestWD" tests="2" failures="0" timestamp="22 Dec 2017 01:49:39 GMT" time="19.119" errors="0">
  <testcase name="googleCheeseExample" time="9.885" classname="com.masteringselenium.BasicTestWD"/>
  <testcase name="googleMilkExample" time="9.234" classname="com.masteringselenium.BasicTestWD"/>
</testsuite> <!-- com.masteringselenium.BasicTestWD -->
